<?xml version="1.0" encoding="UTF-8"?>
<testsuite xmlns:xsi="http://www.w3.org/2001/XMLSchema-instance" xsi:noNamespaceSchemaLocation="https://maven.apache.org/surefire/maven-surefire-plugin/xsd/surefire-test-report-3.0.xsd" version="3.0" name="com.winterwell.utils.SimpleTemplateVarsTest" time="0.089" tests="4" errors="0" skipped="1" failures="0">
  <properties>
[...]
</properties>
  <testcase name="testEncodeURIFn" classname="com.winterwell.utils.SimpleTemplateVarsTest" time="0.03"/>
  <testcase name="testProcessNoJS" classname="com.winterwell.utils.SimpleTemplateVarsTest" time="0.041">
    <system-out><![CDATA[#template	Ignoring unset variables: $namething
]]></system-out>
  </testcase>
  <testcase name="testProcessNumberFormat" classname="com.winterwell.utils.SimpleTemplateVarsTest" time="0.0"/>
  <testcase name="testProcessScript" classname="com.winterwell.utils.SimpleTemplateVarsTest" time="0.0">
    <skipped/>
  </testcase>
</testsuite>